<?xml version="1.0" encoding="UTF-8"?>
<testsuite xmlns:xsi="http://www.w3.org/2001/XMLSchema-instance" xsi:noNamespaceSchemaLocation="https://maven.apache.org/surefire/maven-surefire-plugin/xsd/surefire-test-report-3.0.xsd" version="3.0" name="project3group4.test.RestUsersTest" time="6.614" tests="11" errors="0" skipped="0" failures="0">
  <properties>
[...]
</properties>
  <testcase name="testCreateErrorMalformedObject" classname="project3group4.test.RestUsersTest" time="0.769">
    <system-out><![CDATA[12:22:12.035 [main] INFO org.springframework.boot.devtools.restart.RestartApplicationListener -- Restart disabled due to context in which it is running

  .   ____          _            __ _ _
 /\\ / ___'_ __ _ _(_)_ __  __ _ \ \ \ \
( ( )\___ | '_ | '_| | '_ \/ _` | \ \ \ \
 \\/  ___)| |_)| | | | | || (_| |  ) ) ) )
  '  |____| .__|_| |_|_| |_\__, | / / / /
 =========|_|==============|___/=/_/_/_/

 :: Spring Boot ::                (v3.3.5)

2025-02-14T12:22:12.314+01:00  INFO 14904 --- [adme] [           main] project3group4.test.RestUsersTest        : Starting RestUsersTest using Java 23.0.1 with PID 14904 (started by alpep in C:\Users\alpep\Documents\NetBeansProjects\proyect3_group4\BackEnd)
2025-02-14T12:22:12.315+01:00  INFO 14904 --- [adme] [           main] project3group4.test.RestUsersTest        : No active profile set, falling back to 1 default profile: "default"
2025-02-14T12:22:12.955+01:00  INFO 14904 --- [adme] [           main] .s.d.r.c.RepositoryConfigurationDelegate : Bootstrapping Spring Data JPA repositories in DEFAULT mode.
2025-02-14T12:22:13.001+01:00  INFO 14904 --- [adme] [           main] .s.d.r.c.RepositoryConfigurationDelegate : Finished Spring Data repository scanning in 40 ms. Found 3 JPA repository interfaces.
2025-02-14T12:22:13.571+01:00  INFO 14904 --- [adme] [           main] o.s.b.w.embedded.tomcat.TomcatWebServer  : Tomcat initialized with port 0 (http)
2025-02-14T12:22:13.586+01:00  INFO 14904 --- [adme] [           main] o.apache.catalina.core.StandardService   : Starting service [Tomcat]
2025-02-14T12:22:13.586+01:00  INFO 14904 --- [adme] [           main] o.apache.catalina.core.StandardEngine    : Starting Servlet engine: [Apache Tomcat/10.1.31]
2025-02-14T12:22:13.659+01:00  INFO 14904 --- [adme] [           main] o.a.c.c.C.[Tomcat].[localhost].[/]       : Initializing Spring embedded WebApplicationContext
2025-02-14T12:22:13.660+01:00  INFO 14904 --- [adme] [           main] w.s.c.ServletWebServerApplicationContext : Root WebApplicationContext: initialization completed in 1330 ms
2025-02-14T12:22:13.895+01:00  INFO 14904 --- [adme] [           main] o.hibernate.jpa.internal.util.LogHelper  : HHH000204: Processing PersistenceUnitInfo [name: default]
2025-02-14T12:22:13.962+01:00  INFO 14904 --- [adme] [           main] org.hibernate.Version                    : HHH000412: Hibernate ORM core version 6.5.3.Final
2025-02-14T12:22:13.992+01:00  INFO 14904 --- [adme] [           main] o.h.c.internal.RegionFactoryInitiator    : HHH000026: Second-level cache disabled
2025-02-14T12:22:14.312+01:00  INFO 14904 --- [adme] [           main] o.s.o.j.p.SpringPersistenceUnitInfo      : No LoadTimeWeaver setup: ignoring JPA class transformer
2025-02-14T12:22:14.328+01:00  INFO 14904 --- [adme] [           main] com.zaxxer.hikari.HikariDataSource       : HikariPool-1 - Starting...
2025-02-14T12:22:14.658+01:00  INFO 14904 --- [adme] [           main] com.zaxxer.hikari.pool.HikariPool        : HikariPool-1 - Added connection com.mysql.cj.jdbc.ConnectionImpl@539ee811
2025-02-14T12:22:14.658+01:00  INFO 14904 --- [adme] [           main] com.zaxxer.hikari.HikariDataSource       : HikariPool-1 - Start completed.
2025-02-14T12:22:15.486+01:00  INFO 14904 --- [adme] [           main] o.h.e.t.j.p.i.JtaPlatformInitiator       : HHH000489: No JTA platform available (set 'hibernate.transaction.jta.platform' to enable JTA platform integration)
2025-02-14T12:22:15.608+01:00  INFO 14904 --- [adme] [           main] j.LocalContainerEntityManagerFactoryBean : Initialized JPA EntityManagerFactory for persistence unit 'default'
2025-02-14T12:22:15.944+01:00  INFO 14904 --- [adme] [           main] c.c.m.apiControllers.AdApiController     : AdApiController initialized
2025-02-14T12:22:16.017+01:00  WARN 14904 --- [adme] [           main] JpaBaseConfiguration$JpaWebConfiguration : spring.jpa.open-in-view is enabled by default. Therefore, database queries may be performed during view rendering. Explicitly configure spring.jpa.open-in-view to disable this warning
2025-02-14T12:22:16.451+01:00  INFO 14904 --- [adme] [           main] o.s.b.w.embedded.tomcat.TomcatWebServer  : Tomcat started on port 60305 (http) with context path '/'
2025-02-14T12:22:16.462+01:00  INFO 14904 --- [adme] [           main] project3group4.test.RestUsersTest        : Started RestUsersTest in 4.439 seconds (process running for 5.163)
2025-02-14T12:22:17.153+01:00  INFO 14904 --- [adme] [o-auto-1-exec-1] o.a.c.c.C.[Tomcat].[localhost].[/]       : Initializing Spring DispatcherServlet 'dispatcherServlet'
2025-02-14T12:22:17.153+01:00  INFO 14904 --- [adme] [o-auto-1-exec-1] o.s.web.servlet.DispatcherServlet        : Initializing Servlet 'dispatcherServlet'
2025-02-14T12:22:17.153+01:00  INFO 14904 --- [adme] [o-auto-1-exec-1] o.s.web.servlet.DispatcherServlet        : Completed initialization in 0 ms
2025-02-14T12:22:17.209+01:00  WARN 14904 --- [adme] [o-auto-1-exec-1] .w.s.m.s.DefaultHandlerExceptionResolver : Resolved [org.springframework.http.converter.HttpMessageNotReadableException: Required request body is missing: public org.springframework.http.ResponseEntity<java.lang.Long> cat.copernic.mavenproject1.apiControllers.UserApiController.createUser(cat.copernic.mavenproject1.Entity.User) throws java.io.IOException]
]]></system-out>
    <system-err><![CDATA[WARNING: A Java agent has been loaded dynamically (C:\Users\alpep\.m2\repository\net\bytebuddy\byte-buddy-agent\1.14.19\byte-buddy-agent-1.14.19.jar)
WARNING: If a serviceability tool is in use, please run with -XX:+EnableDynamicAgentLoading to hide this warning
WARNING: If a serviceability tool is not in use, please run with -Djdk.instrument.traceUsage for more information
WARNING: Dynamic loading of agents will be disallowed by default in a future release
]]></system-err>
  </testcase>
  <testcase name="testCreateOk" classname="project3group4.test.RestUsersTest" time="0.19"/>
  <testcase name="testGetByIdNotFound" classname="project3group4.test.RestUsersTest" time="0.084">
    <system-out><![CDATA[2025-02-14T12:22:17.523+01:00  INFO 14904 --- [adme] [o-auto-1-exec-4] c.c.m.apiControllers.UserApiController   : Buscando usuario con ID: 9223372036854775807
2025-02-14T12:22:17.525+01:00  INFO 14904 --- [adme] [o-auto-1-exec-4] c.c.m.apiControllers.UserApiController   : Usuario encontrado: null
2025-02-14T12:22:17.527+01:00  INFO 14904 --- [adme] [o-auto-1-exec-4] c.c.m.apiControllers.UserApiController   : Usuario encontrado: null
]]></system-out>
  </testcase>
  <testcase name="testDeleteUserByIdOk" classname="project3group4.test.RestUsersTest" time="0.085"/>
  <testcase name="testGetAllUsersOk" classname="project3group4.test.RestUsersTest" time="0.149"/>
  <testcase name="testDeleteErrorBadId" classname="project3group4.test.RestUsersTest" time="0.092">
    <system-out><![CDATA[2025-02-14T12:22:17.854+01:00  WARN 14904 --- [adme] [o-auto-1-exec-7] .w.s.m.s.DefaultHandlerExceptionResolver : Resolved [org.springframework.web.method.annotation.MethodArgumentTypeMismatchException: Method parameter 'userId': Failed to convert value of type 'java.lang.String' to required type 'java.lang.Long'; For input string: "abcd"]
]]></system-out>
  </testcase>
  <testcase name="testGetByIdErrorBadId" classname="project3group4.test.RestUsersTest" time="0.084"/>
  <testcase name="testUpdateIdNotExist" classname="project3group4.test.RestUsersTest" time="0.077"/>
  <testcase name="testDeleteByIdErrorNotExist" classname="project3group4.test.RestUsersTest" time="0.077"/>
  <testcase name="testGetByIdOk" classname="project3group4.test.RestUsersTest" time="0.088">
    <system-out><![CDATA[2025-02-14T12:22:18.171+01:00  INFO 14904 --- [adme] [-auto-1-exec-10] c.c.m.apiControllers.UserApiController   : Buscando usuario con ID: 1029
2025-02-14T12:22:18.173+01:00  INFO 14904 --- [adme] [-auto-1-exec-10] c.c.m.apiControllers.UserApiController   : Usuario encontrado: cat.copernic.mavenproject1.Entity.User@38d1d535
2025-02-14T12:22:18.175+01:00  INFO 14904 --- [adme] [-auto-1-exec-10] c.c.m.apiControllers.UserApiController   : Usuario encontrado: cat.copernic.mavenproject1.Entity.User@38d1d535
]]></system-out>
  </testcase>
  <testcase name="testUpdateOk" classname="project3group4.test.RestUsersTest" time="0.154">
    <system-out><![CDATA[2025-02-14T12:22:18.262+01:00  INFO 14904 --- [adme] [o-auto-1-exec-1] c.c.m.apiControllers.AdApiController     : Usuario antes de la actualización: cat.copernic.mavenproject1.Entity.User@f449a
2025-02-14T12:22:18.318+01:00  INFO 14904 --- [adme] [o-auto-1-exec-1] c.c.m.apiControllers.AdApiController     : Usuario después de la actualización: cat.copernic.mavenproject1.Entity.User@f449a
]]></system-out>
  </testcase>
</testsuite>