<?xml version="1.0" encoding="UTF-8"?>
<testsuite xmlns:xsi="http://www.w3.org/2001/XMLSchema-instance" xsi:noNamespaceSchemaLocation="https://maven.apache.org/surefire/maven-surefire-plugin/xsd/surefire-test-report-3.0.xsd" version="3.0" name="project3group4.test.RestCategoryTest" time="5.443" tests="12" errors="1" skipped="0" failures="3">
  <properties>
[...]
</properties>
  <testcase name="testCreateErrorMalformedObject" classname="project3group4.test.RestCategoryTest" time="0.63">
    <system-out><![CDATA[09:43:17.419 [main] INFO org.springframework.boot.devtools.restart.RestartApplicationListener -- Restart disabled due to context in which it is running

  .   ____          _            __ _ _
 /\\ / ___'_ __ _ _(_)_ __  __ _ \ \ \ \
( ( )\___ | '_ | '_| | '_ \/ _` | \ \ \ \
 \\/  ___)| |_)| | | | | || (_| |  ) ) ) )
  '  |____| .__|_| |_|_| |_\__, | / / / /
 =========|_|==============|___/=/_/_/_/

 :: Spring Boot ::                (v3.3.5)

2025-02-25T09:43:17.665+01:00  INFO 11824 --- [adme] [           main] project3group4.test.RestCategoryTest     : Starting RestCategoryTest using Java 23.0.1 with PID 11824 (started by alpep in C:\Users\alpep\Documents\NetBeansProjects\proyect3_group4\BackEnd)
2025-02-25T09:43:17.665+01:00  INFO 11824 --- [adme] [           main] project3group4.test.RestCategoryTest     : No active profile set, falling back to 1 default profile: "default"
2025-02-25T09:43:18.249+01:00  INFO 11824 --- [adme] [           main] .s.d.r.c.RepositoryConfigurationDelegate : Bootstrapping Spring Data JPA repositories in DEFAULT mode.
2025-02-25T09:43:18.295+01:00  INFO 11824 --- [adme] [           main] .s.d.r.c.RepositoryConfigurationDelegate : Finished Spring Data repository scanning in 40 ms. Found 3 JPA repository interfaces.
2025-02-25T09:43:18.803+01:00  INFO 11824 --- [adme] [           main] o.s.b.w.embedded.tomcat.TomcatWebServer  : Tomcat initialized with port 0 (http)
2025-02-25T09:43:18.820+01:00  INFO 11824 --- [adme] [           main] o.apache.catalina.core.StandardService   : Starting service [Tomcat]
2025-02-25T09:43:18.820+01:00  INFO 11824 --- [adme] [           main] o.apache.catalina.core.StandardEngine    : Starting Servlet engine: [Apache Tomcat/10.1.31]
2025-02-25T09:43:18.867+01:00  INFO 11824 --- [adme] [           main] o.a.c.c.C.[Tomcat].[localhost].[/]       : Initializing Spring embedded WebApplicationContext
2025-02-25T09:43:18.868+01:00  INFO 11824 --- [adme] [           main] w.s.c.ServletWebServerApplicationContext : Root WebApplicationContext: initialization completed in 1190 ms
2025-02-25T09:43:19.061+01:00  INFO 11824 --- [adme] [           main] o.hibernate.jpa.internal.util.LogHelper  : HHH000204: Processing PersistenceUnitInfo [name: default]
2025-02-25T09:43:19.131+01:00  INFO 11824 --- [adme] [           main] org.hibernate.Version                    : HHH000412: Hibernate ORM core version 6.5.3.Final
2025-02-25T09:43:19.170+01:00  INFO 11824 --- [adme] [           main] o.h.c.internal.RegionFactoryInitiator    : HHH000026: Second-level cache disabled
2025-02-25T09:43:19.474+01:00  INFO 11824 --- [adme] [           main] o.s.o.j.p.SpringPersistenceUnitInfo      : No LoadTimeWeaver setup: ignoring JPA class transformer
2025-02-25T09:43:19.491+01:00  INFO 11824 --- [adme] [           main] com.zaxxer.hikari.HikariDataSource       : HikariPool-1 - Starting...
2025-02-25T09:43:19.704+01:00  INFO 11824 --- [adme] [           main] com.zaxxer.hikari.pool.HikariPool        : HikariPool-1 - Added connection com.mysql.cj.jdbc.ConnectionImpl@87220f1
2025-02-25T09:43:19.706+01:00  INFO 11824 --- [adme] [           main] com.zaxxer.hikari.HikariDataSource       : HikariPool-1 - Start completed.
2025-02-25T09:43:20.418+01:00  INFO 11824 --- [adme] [           main] o.h.e.t.j.p.i.JtaPlatformInitiator       : HHH000489: No JTA platform available (set 'hibernate.transaction.jta.platform' to enable JTA platform integration)
2025-02-25T09:43:20.496+01:00  INFO 11824 --- [adme] [           main] j.LocalContainerEntityManagerFactoryBean : Initialized JPA EntityManagerFactory for persistence unit 'default'
2025-02-25T09:43:20.779+01:00  INFO 11824 --- [adme] [           main] c.c.m.apiControllers.AdApiController     : AdApiController initialized
2025-02-25T09:43:20.858+01:00  WARN 11824 --- [adme] [           main] JpaBaseConfiguration$JpaWebConfiguration : spring.jpa.open-in-view is enabled by default. Therefore, database queries may be performed during view rendering. Explicitly configure spring.jpa.open-in-view to disable this warning
2025-02-25T09:43:21.243+01:00  INFO 11824 --- [adme] [           main] o.s.b.w.embedded.tomcat.TomcatWebServer  : Tomcat started on port 63895 (http) with context path '/'
2025-02-25T09:43:21.249+01:00  INFO 11824 --- [adme] [           main] project3group4.test.RestCategoryTest     : Started RestCategoryTest in 3.839 seconds (process running for 4.505)
2025-02-25T09:43:21.803+01:00  INFO 11824 --- [adme] [o-auto-1-exec-1] o.a.c.c.C.[Tomcat].[localhost].[/]       : Initializing Spring DispatcherServlet 'dispatcherServlet'
2025-02-25T09:43:21.803+01:00  INFO 11824 --- [adme] [o-auto-1-exec-1] o.s.web.servlet.DispatcherServlet        : Initializing Servlet 'dispatcherServlet'
2025-02-25T09:43:21.804+01:00  INFO 11824 --- [adme] [o-auto-1-exec-1] o.s.web.servlet.DispatcherServlet        : Completed initialization in 1 ms
2025-02-25T09:43:21.838+01:00  WARN 11824 --- [adme] [o-auto-1-exec-1] .w.s.m.s.DefaultHandlerExceptionResolver : Resolved [org.springframework.web.bind.MissingServletRequestParameterException: Required request parameter 'name' for method parameter type String is not present]
]]></system-out>
    <system-err><![CDATA[WARNING: A Java agent has been loaded dynamically (C:\Users\alpep\.m2\repository\net\bytebuddy\byte-buddy-agent\1.14.19\byte-buddy-agent-1.14.19.jar)
WARNING: If a serviceability tool is in use, please run with -XX:+EnableDynamicAgentLoading to hide this warning
WARNING: If a serviceability tool is not in use, please run with -Djdk.instrument.traceUsage for more information
WARNING: Dynamic loading of agents will be disallowed by default in a future release
]]></system-err>
  </testcase>
  <testcase name="testGetAllCategoriesOk" classname="project3group4.test.RestCategoryTest" time="0.077"/>
  <testcase name="testCreateOk" classname="project3group4.test.RestCategoryTest" time="0.047">
    <error message="Error while extracting response for type [class java.lang.Long] and content type [application/json]" type="org.springframework.web.client.RestClientException"><![CDATA[org.springframework.web.client.RestClientException: Error while extracting response for type [class java.lang.Long] and content type [application/json]
	at org.springframework.web.client.HttpMessageConverterExtractor.extractData(HttpMessageConverterExtractor.java:119)
	at org.springframework.web.client.RestTemplate$ResponseEntityResponseExtractor.extractData(RestTemplate.java:1159)
	at org.springframework.web.client.RestTemplate$ResponseEntityResponseExtractor.extractData(RestTemplate.java:1142)
	at org.springframework.web.client.RestTemplate.doExecute(RestTemplate.java:892)
	at org.springframework.web.client.RestTemplate.execute(RestTemplate.java:790)
	at org.springframework.web.client.RestTemplate.exchange(RestTemplate.java:672)
	at org.springframework.boot.test.web.client.TestRestTemplate.exchange(TestRestTemplate.java:710)
	at project3group4.test.RestCategoryTest.testCreateOk(RestCategoryTest.java:157)
	at java.base/java.lang.reflect.Method.invoke(Method.java:580)
	at java.base/java.util.ArrayList.forEach(ArrayList.java:1597)
	at java.base/java.util.ArrayList.forEach(ArrayList.java:1597)
Caused by: org.springframework.http.converter.HttpMessageNotReadableException: JSON parse error: Cannot deserialize value of type `java.lang.Long` from Object value (token `JsonToken.START_OBJECT`)
	at org.springframework.http.converter.json.AbstractJackson2HttpMessageConverter.readJavaType(AbstractJackson2HttpMessageConverter.java:406)
	at org.springframework.http.converter.json.AbstractJackson2HttpMessageConverter.read(AbstractJackson2HttpMessageConverter.java:354)
	at org.springframework.web.client.HttpMessageConverterExtractor.extractData(HttpMessageConverterExtractor.java:104)
	... 10 more
Caused by: com.fasterxml.jackson.databind.exc.MismatchedInputException: Cannot deserialize value of type `java.lang.Long` from Object value (token `JsonToken.START_OBJECT`)
 at [Source: REDACTED (`StreamReadFeature.INCLUDE_SOURCE_IN_LOCATION` disabled); line: 1, column: 1]
	at com.fasterxml.jackson.databind.exc.MismatchedInputException.from(MismatchedInputException.java:59)
	at com.fasterxml.jackson.databind.DeserializationContext.reportInputMismatch(DeserializationContext.java:1767)
	at com.fasterxml.jackson.databind.DeserializationContext.handleUnexpectedToken(DeserializationContext.java:1541)
	at com.fasterxml.jackson.databind.DeserializationContext.handleUnexpectedToken(DeserializationContext.java:1446)
	at com.fasterxml.jackson.databind.DeserializationContext.extractScalarFromObject(DeserializationContext.java:958)
	at com.fasterxml.jackson.databind.deser.std.StdDeserializer._parseLong(StdDeserializer.java:954)
	at com.fasterxml.jackson.databind.deser.std.NumberDeserializers$LongDeserializer.deserialize(NumberDeserializers.java:575)
	at com.fasterxml.jackson.databind.deser.std.NumberDeserializers$LongDeserializer.deserialize(NumberDeserializers.java:550)
	at com.fasterxml.jackson.databind.deser.DefaultDeserializationContext.readRootValue(DefaultDeserializationContext.java:342)
	at com.fasterxml.jackson.databind.ObjectReader._bindAndClose(ObjectReader.java:2125)
	at com.fasterxml.jackson.databind.ObjectReader.readValue(ObjectReader.java:1501)
	at org.springframework.http.converter.json.AbstractJackson2HttpMessageConverter.readJavaType(AbstractJackson2HttpMessageConverter.java:395)
	... 12 more
]]></error>
    <system-out><![CDATA[2025-02-25T09:43:22.010+01:00  WARN 11824 --- [adme] [o-auto-1-exec-4] .w.s.m.s.DefaultHandlerExceptionResolver : Resolved [org.springframework.web.bind.MissingServletRequestParameterException: Required request parameter 'name' for method parameter type String is not present]
]]></system-out>
  </testcase>
  <testcase name="testGetByIdNotFound" classname="project3group4.test.RestCategoryTest" time="0.041"/>
  <testcase name="testDeleteCategoryByIdOk" classname="project3group4.test.RestCategoryTest" time="0.302"/>
  <testcase name="testGetProposalsOkOrNoContent" classname="project3group4.test.RestCategoryTest" time="0.04">
    <failure message="expected: &lt;[cat.copernic.mavenproject1.Entity.Category@297c0311, cat.copernic.mavenproject1.Entity.Category@3c251258, cat.copernic.mavenproject1.Entity.Category@3ad142f0]&gt; but was: &lt;3&gt;" type="org.opentest4j.AssertionFailedError"><![CDATA[org.opentest4j.AssertionFailedError: expected: <[cat.copernic.mavenproject1.Entity.Category@297c0311, cat.copernic.mavenproject1.Entity.Category@3c251258, cat.copernic.mavenproject1.Entity.Category@3ad142f0]> but was: <3>
	at org.junit.jupiter.api.AssertionFailureBuilder.build(AssertionFailureBuilder.java:151)
	at org.junit.jupiter.api.AssertionFailureBuilder.buildAndThrow(AssertionFailureBuilder.java:132)
	at org.junit.jupiter.api.AssertEquals.failNotEqual(AssertEquals.java:197)
	at org.junit.jupiter.api.AssertEquals.assertEquals(AssertEquals.java:182)
	at org.junit.jupiter.api.AssertEquals.assertEquals(AssertEquals.java:177)
	at org.junit.jupiter.api.Assertions.assertEquals(Assertions.java:1145)
	at project3group4.test.RestCategoryTest.testGetProposalsOkOrNoContent(RestCategoryTest.java:220)
	at java.base/java.lang.reflect.Method.invoke(Method.java:580)
	at java.base/java.util.ArrayList.forEach(ArrayList.java:1597)
	at java.base/java.util.ArrayList.forEach(ArrayList.java:1597)
]]></failure>
  </testcase>
  <testcase name="testDeleteErrorBadId" classname="project3group4.test.RestCategoryTest" time="0.035">
    <system-out><![CDATA[2025-02-25T09:43:22.434+01:00  WARN 11824 --- [adme] [o-auto-1-exec-3] .w.s.m.s.DefaultHandlerExceptionResolver : Resolved [org.springframework.web.method.annotation.MethodArgumentTypeMismatchException: Method parameter 'categoryId': Failed to convert value of type 'java.lang.String' to required type 'java.lang.Long'; For input string: "abcd"]
]]></system-out>
  </testcase>
  <testcase name="testGetByIdErrorBadId" classname="project3group4.test.RestCategoryTest" time="0.032">
    <system-out><![CDATA[2025-02-25T09:43:22.466+01:00  WARN 11824 --- [adme] [o-auto-1-exec-8] .w.s.m.s.DefaultHandlerExceptionResolver : Resolved [org.springframework.web.method.annotation.MethodArgumentTypeMismatchException: Method parameter 'categoryId': Failed to convert value of type 'java.lang.String' to required type 'java.lang.Long'; For input string: "abcd"]
]]></system-out>
  </testcase>
  <testcase name="testUpdateIdNotExist" classname="project3group4.test.RestCategoryTest" time="0.029">
    <failure message="expected: &lt;404 NOT_FOUND&gt; but was: &lt;400 BAD_REQUEST&gt;" type="org.opentest4j.AssertionFailedError"><![CDATA[org.opentest4j.AssertionFailedError: expected: <404 NOT_FOUND> but was: <400 BAD_REQUEST>
	at org.junit.jupiter.api.AssertionFailureBuilder.build(AssertionFailureBuilder.java:151)
	at org.junit.jupiter.api.AssertionFailureBuilder.buildAndThrow(AssertionFailureBuilder.java:132)
	at org.junit.jupiter.api.AssertEquals.failNotEqual(AssertEquals.java:197)
	at org.junit.jupiter.api.AssertEquals.assertEquals(AssertEquals.java:182)
	at org.junit.jupiter.api.AssertEquals.assertEquals(AssertEquals.java:177)
	at org.junit.jupiter.api.Assertions.assertEquals(Assertions.java:1145)
	at project3group4.test.RestCategoryTest.testUpdateIdNotExist(RestCategoryTest.java:200)
	at java.base/java.lang.reflect.Method.invoke(Method.java:580)
	at java.base/java.util.ArrayList.forEach(ArrayList.java:1597)
	at java.base/java.util.ArrayList.forEach(ArrayList.java:1597)
]]></failure>
    <system-out><![CDATA[2025-02-25T09:43:22.496+01:00  WARN 11824 --- [adme] [o-auto-1-exec-9] .w.s.m.s.DefaultHandlerExceptionResolver : Resolved [org.springframework.web.bind.MissingServletRequestParameterException: Required request parameter 'id' for method parameter type Long is not present]
]]></system-out>
  </testcase>
  <testcase name="testDeleteByIdErrorNotExist" classname="project3group4.test.RestCategoryTest" time="0.032"/>
  <testcase name="testGetByIdOk" classname="project3group4.test.RestCategoryTest" time="0.034"/>
  <testcase name="testUpdateOk" classname="project3group4.test.RestCategoryTest" time="0.031">
    <failure message="expected: &lt;200 OK&gt; but was: &lt;400 BAD_REQUEST&gt;" type="org.opentest4j.AssertionFailedError"><![CDATA[org.opentest4j.AssertionFailedError: expected: <200 OK> but was: <400 BAD_REQUEST>
	at org.junit.jupiter.api.AssertionFailureBuilder.build(AssertionFailureBuilder.java:151)
	at org.junit.jupiter.api.AssertionFailureBuilder.buildAndThrow(AssertionFailureBuilder.java:132)
	at org.junit.jupiter.api.AssertEquals.failNotEqual(AssertEquals.java:197)
	at org.junit.jupiter.api.AssertEquals.assertEquals(AssertEquals.java:182)
	at org.junit.jupiter.api.AssertEquals.assertEquals(AssertEquals.java:177)
	at org.junit.jupiter.api.Assertions.assertEquals(Assertions.java:1145)
	at project3group4.test.RestCategoryTest.testUpdateOk(RestCategoryTest.java:190)
	at java.base/java.lang.reflect.Method.invoke(Method.java:580)
	at java.base/java.util.ArrayList.forEach(ArrayList.java:1597)
	at java.base/java.util.ArrayList.forEach(ArrayList.java:1597)
]]></failure>
    <system-out><![CDATA[ID asignado a la categoría guardada: 1
2025-02-25T09:43:22.593+01:00  WARN 11824 --- [adme] [o-auto-1-exec-2] .w.s.m.s.DefaultHandlerExceptionResolver : Resolved [org.springframework.web.bind.MissingServletRequestParameterException: Required request parameter 'id' for method parameter type Long is not present]
]]></system-out>
  </testcase>
</testsuite>